<?xml version="1.0" encoding="UTF-8"?>
<!-- Generated by org.testng.reporters.JUnitXMLReporter -->
<testsuite hostname="DESKTOP-0CQ8PV8" ignored="0" name="Default test" tests="21" failures="0" timestamp="2021-09-27T12:37:36 IST" time="110.786" errors="0">
  <testcase name="signUp" time="3.479" classname="com.urbanladder.runner.TestRunner"/>
  <testcase name="login" time="3.493" classname="com.urbanladder.runner.TestRunner"/>
  <testcase name="help" time="0.726" classname="com.urbanladder.runner.TestRunner"/>
  <testcase name="sale" time="3.373" classname="com.urbanladder.runner.TestRunner"/>
  <testcase name="living" time="3.276" classname="com.urbanladder.runner.TestRunner"/>
  <testcase name="bedroom" time="3.395" classname="com.urbanladder.runner.TestRunner"/>
  <testcase name="searchProduct" time="3.71" classname="com.urbanladder.runner.TestRunner"/>
  <testcase name="searchProduct" time="2.936" classname="com.urbanladder.runner.TestRunner"/>
  <testcase name="searchProduct" time="2.956" classname="com.urbanladder.runner.TestRunner"/>
  <testcase name="searchProduct" time="3.891" classname="com.urbanladder.runner.TestRunner"/>
  <testcase name="selectProduct" time="5.159" classname="com.urbanladder.runner.TestRunner"/>
  <testcase name="addToCart" time="4.364" classname="com.urbanladder.runner.TestRunner"/>
  <testcase name="checkout" time="3.305" classname="com.urbanladder.runner.TestRunner"/>
  <testcase name="stores" time="15.483" classname="com.urbanladder.runner.TestRunner"/>
  <testcase name="giftCards" time="2.152" classname="com.urbanladder.runner.TestRunner"/>
  <testcase name="socialMedia" time="7.471" classname="com.urbanladder.runner.TestRunner"/>
  <testcase name="socialMedia" time="5.288" classname="com.urbanladder.runner.TestRunner"/>
  <testcase name="socialMedia" time="11.194" classname="com.urbanladder.runner.TestRunner"/>
  <testcase name="socialMedia" time="5.272" classname="com.urbanladder.runner.TestRunner"/>
  <testcase name="socialMedia" time="8.819" classname="com.urbanladder.runner.TestRunner"/>
  <testcase name="socialMedia" time="5.308" classname="com.urbanladder.runner.TestRunner"/>
</testsuite> <!-- Default test -->
