<?xml version="1.0" encoding="UTF-8"?>
<!-- Generated by org.testng.reporters.JUnitXMLReporter -->
<testsuite hostname="DESKTOP-0CQ8PV8" ignored="0" name="Default test" tests="15" failures="0" timestamp="2021-09-26T11:59:44 IST" time="60.519" errors="0">
  <testcase name="signUp" time="3.026" classname="com.urbanladder.runner.TestRunner"/>
  <testcase name="login" time="3.825" classname="com.urbanladder.runner.TestRunner"/>
  <testcase name="help" time="0.825" classname="com.urbanladder.runner.TestRunner"/>
  <testcase name="sale" time="5.225" classname="com.urbanladder.runner.TestRunner"/>
  <testcase name="living" time="3.444" classname="com.urbanladder.runner.TestRunner"/>
  <testcase name="bedroom" time="3.589" classname="com.urbanladder.runner.TestRunner"/>
  <testcase name="searchProduct" time="2.872" classname="com.urbanladder.runner.TestRunner"/>
  <testcase name="searchProduct" time="3.024" classname="com.urbanladder.runner.TestRunner"/>
  <testcase name="searchProduct" time="3.761" classname="com.urbanladder.runner.TestRunner"/>
  <testcase name="searchProduct" time="3.353" classname="com.urbanladder.runner.TestRunner"/>
  <testcase name="selectProduct" time="5.268" classname="com.urbanladder.runner.TestRunner"/>
  <testcase name="addToCart" time="4.512" classname="com.urbanladder.runner.TestRunner"/>
  <testcase name="checkout" time="3.36" classname="com.urbanladder.runner.TestRunner"/>
  <testcase name="stores" time="10.069" classname="com.urbanladder.runner.TestRunner"/>
  <testcase name="giftCards" time="1.865" classname="com.urbanladder.runner.TestRunner"/>
</testsuite> <!-- Default test -->
