<?xml version="1.0" encoding="UTF-8"?>
<!-- Generated by org.testng.reporters.JUnitXMLReporter -->
<testsuite hostname="DESKTOP-0CQ8PV8" ignored="0" name="Test" tests="15" failures="0" timestamp="2021-09-26T12:12:00 IST" time="66.685" errors="0">
  <testcase name="signUp" time="3.064" classname="com.urbanladder.runner.TestRunner"/>
  <testcase name="login" time="3.377" classname="com.urbanladder.runner.TestRunner"/>
  <testcase name="help" time="0.469" classname="com.urbanladder.runner.TestRunner"/>
  <testcase name="sale" time="3.701" classname="com.urbanladder.runner.TestRunner"/>
  <testcase name="living" time="3.56" classname="com.urbanladder.runner.TestRunner"/>
  <testcase name="bedroom" time="3.404" classname="com.urbanladder.runner.TestRunner"/>
  <testcase name="searchProduct" time="3.86" classname="com.urbanladder.runner.TestRunner"/>
  <testcase name="searchProduct" time="4.21" classname="com.urbanladder.runner.TestRunner"/>
  <testcase name="searchProduct" time="3.923" classname="com.urbanladder.runner.TestRunner"/>
  <testcase name="searchProduct" time="3.771" classname="com.urbanladder.runner.TestRunner"/>
  <testcase name="selectProduct" time="5.213" classname="com.urbanladder.runner.TestRunner"/>
  <testcase name="addToCart" time="4.503" classname="com.urbanladder.runner.TestRunner"/>
  <testcase name="checkout" time="4.434" classname="com.urbanladder.runner.TestRunner"/>
  <testcase name="stores" time="14.084" classname="com.urbanladder.runner.TestRunner"/>
  <testcase name="giftCards" time="1.804" classname="com.urbanladder.runner.TestRunner"/>
</testsuite> <!-- Test -->
